Already solved: 3 — ['algo_db_v01', 'algo_db_v02', 'algo_db_v03']
Need to solve: 16 — ['algo_db_v04', 'algo_db_v05', 'algo_db_v06', 'algo_db_v07', 'algo_db_v08', 'algo_db_v09', 'angl_tgo_v01', 'angl_tgo_v02', 'angl_tgo_v03', 'angl_tgo_v04', 'angl_tgo_v05', 'angl_tgo_v06', 'angl_tgo_v07', 'angl_tgo_v08', 'angl_tgo_v09', 'angl_tgo_v10']
Running with 4 parallel workers...


==================================================
  [algo_db_v04] Starting (30 Q)
==================================================

==================================================
  [algo_db_v05] Starting (30 Q)
==================================================

==================================================
  [algo_db_v06] Starting (30 Q)
==================================================

==================================================
  [algo_db_v07] Starting (30 Q)
==================================================
  [algo_db_v04] Baseline (all A): 8/30
  [algo_db_v04] Round 2: testing B for 30 unsolved...
  [algo_db_v07] Baseline (all A): 9/30
  [algo_db_v07] Round 2: testing B for 30 unsolved...
  [algo_db_v05] Baseline (all A): 4/30
  [algo_db_v05] Round 2: testing B for 30 unsolved...
  [algo_db_v06] Baseline (all A): 9/30
  [algo_db_v06] Round 2: testing B for 30 unsolved...
  [algo_db_v04] Round 3: testing C for 16 unsolved...
  [algo_db_v06] Round 3: testing C for 11 unsolved...
  [algo_db_v07] Round 3: testing C for 16 unsolved...
  [algo_db_v05] Round 3: testing C for 15 unsolved...
  [algo_db_v06] Round 4: testing D for 4 unsolved...
  [algo_db_v06] 📊 Solved: 30/30
  💾 [algo_db_v06] Saved

==================================================
  [algo_db_v08] Starting (30 Q)
==================================================
  ✅ Done: algo_db_v06 → SUCCESS
  [algo_db_v05] Round 4: testing D for 8 unsolved...
  [algo_db_v04] Round 4: testing D for 8 unsolved...
  [algo_db_v08] Baseline (all A): 11/30
  [algo_db_v08] Round 2: testing B for 30 unsolved...
  [algo_db_v07] Round 4: testing D for 5 unsolved...
  [algo_db_v07] 📊 Solved: 30/30
  💾 [algo_db_v07] Saved

==================================================
  [algo_db_v09] Starting (30 Q)
==================================================
  ✅ Done: algo_db_v07 → SUCCESS
  [algo_db_v09] Baseline (all A): 7/30
  [algo_db_v09] Round 2: testing B for 30 unsolved...
  [algo_db_v05] Round 5: testing E for 1 unsolved...
  [algo_db_v04] Round 5: testing E for 4 unsolved...
  [algo_db_v05] 📊 Solved: 30/30
  💾 [algo_db_v05] Saved

==================================================
  [angl_tgo_v01] Starting (40 Q)
==================================================
  ✅ Done: algo_db_v05 → SUCCESS
  [angl_tgo_v01] Baseline (all A): 5/40
  [angl_tgo_v01] Round 2: testing B for 40 unsolved...
  [algo_db_v04] Round 6: testing F for 1 unsolved...
  [algo_db_v04] Q18: last option by elimination
  [algo_db_v04] 📊 Solved: 30/30
  💾 [algo_db_v04] Saved

==================================================
  [angl_tgo_v02] Starting (40 Q)
==================================================
  ✅ Done: algo_db_v04 → SUCCESS
  [angl_tgo_v02] Baseline (all A): 7/40
  [angl_tgo_v02] Round 2: testing B for 40 unsolved...
  [algo_db_v08] Round 3: testing C for 13 unsolved...
  [algo_db_v09] Round 3: testing C for 8 unsolved...
  [algo_db_v08] Round 4: testing D for 3 unsolved...
  [algo_db_v09] Round 4: testing D for 2 unsolved...
  [algo_db_v08] 📊 Solved: 30/30
  💾 [algo_db_v08] Saved

==================================================
  [angl_tgo_v03] Starting (40 Q)
==================================================
  ✅ Done: algo_db_v08 → SUCCESS
  [angl_tgo_v03] Baseline (all A): 8/40
  [angl_tgo_v03] Round 2: testing B for 40 unsolved...
  [algo_db_v09] 📊 Solved: 30/30
  💾 [algo_db_v09] Saved

==================================================
  [angl_tgo_v04] Starting (40 Q)
==================================================
  ✅ Done: algo_db_v09 → SUCCESS
  [angl_tgo_v04] Baseline (all A): 9/40
  [angl_tgo_v04] Round 2: testing B for 40 unsolved...
  [angl_tgo_v01] Round 3: testing C for 18 unsolved...
  [angl_tgo_v02] Round 3: testing C for 24 unsolved...
  [angl_tgo_v01] Round 4: testing D for 8 unsolved...
  [angl_tgo_v01] Round 5: testing E for 3 unsolved...
  [angl_tgo_v01] 📊 Solved: 40/40
  💾 [angl_tgo_v01] Saved

==================================================
  [angl_tgo_v05] Starting (40 Q)
==================================================
  ✅ Done: angl_tgo_v01 → SUCCESS
  [angl_tgo_v05] Baseline (all A): 6/40
  [angl_tgo_v05] Round 2: testing B for 40 unsolved...
  [angl_tgo_v02] Round 4: testing D for 6 unsolved...
  [angl_tgo_v02] Round 5: testing E for 2 unsolved...
  [angl_tgo_v02] Round 6: testing F for 1 unsolved...
  [angl_tgo_v02] Q10: multiple choice, testing combos...
  [angl_tgo_v03] Round 3: testing C for 22 unsolved...
  [angl_tgo_v04] Round 3: testing C for 17 unsolved...
  [angl_tgo_v02] 📊 Solved: 40/40
  💾 [angl_tgo_v02] Saved

==================================================
  [angl_tgo_v06] Starting (40 Q)
==================================================
  ✅ Done: angl_tgo_v02 → SUCCESS
  [angl_tgo_v06] Baseline (all A): 8/40
  [angl_tgo_v06] Round 2: testing B for 40 unsolved...
  [angl_tgo_v04] Round 4: testing D for 6 unsolved...
  [angl_tgo_v03] Round 4: testing D for 9 unsolved...
  [angl_tgo_v04] Round 5: testing E for 1 unsolved...
  [angl_tgo_v04] 📊 Solved: 40/40
  💾 [angl_tgo_v04] Saved

==================================================
  [angl_tgo_v07] Starting (40 Q)
==================================================
  ✅ Done: angl_tgo_v04 → SUCCESS
  [angl_tgo_v07] Baseline (all A): 6/40
  [angl_tgo_v07] Round 2: testing B for 40 unsolved...
  [angl_tgo_v03] 📊 Solved: 40/40
  💾 [angl_tgo_v03] Saved

==================================================
  [angl_tgo_v08] Starting (40 Q)
==================================================
  ✅ Done: angl_tgo_v03 → SUCCESS
  [angl_tgo_v05] Round 3: testing C for 22 unsolved...
  [angl_tgo_v08] Baseline (all A): 13/40
  [angl_tgo_v08] Round 2: testing B for 40 unsolved...
  [angl_tgo_v06] Round 3: testing C for 16 unsolved...
  [angl_tgo_v05] Round 4: testing D for 11 unsolved...
  [angl_tgo_v05] Round 5: testing E for 1 unsolved...
  [angl_tgo_v05] 📊 Solved: 40/40
  💾 [angl_tgo_v05] Saved

==================================================
  [angl_tgo_v09] Starting (40 Q)
==================================================
  ✅ Done: angl_tgo_v05 → SUCCESS
  [angl_tgo_v09] Baseline (all A): 7/40
  [angl_tgo_v09] Round 2: testing B for 40 unsolved...
  [angl_tgo_v06] Round 4: testing D for 8 unsolved...
  [angl_tgo_v07] Round 3: testing C for 24 unsolved...
  [angl_tgo_v08] Round 3: testing C for 17 unsolved...
  [angl_tgo_v06] 📊 Solved: 40/40
  💾 [angl_tgo_v06] Saved

==================================================
  [angl_tgo_v10] Starting (40 Q)
==================================================
  ✅ Done: angl_tgo_v06 → SUCCESS
  [angl_tgo_v10] Baseline (all A): 6/40
  [angl_tgo_v10] Round 2: testing B for 40 unsolved...
  [angl_tgo_v08] Round 4: testing D for 5 unsolved...
  [angl_tgo_v07] Round 4: testing D for 8 unsolved...
  [angl_tgo_v08] Round 5: testing E for 1 unsolved...
  [angl_tgo_v08] Round 6: testing F for 1 unsolved...
  [angl_tgo_v08] Q9: multiple choice, testing combos...
  [angl_tgo_v07] Round 5: testing E for 2 unsolved...
  [angl_tgo_v07] 📊 Solved: 40/40
  💾 [angl_tgo_v07] Saved
  ✅ Done: angl_tgo_v07 → SUCCESS
  [angl_tgo_v09] Round 3: testing C for 20 unsolved...
  [angl_tgo_v08] 📊 Solved: 40/40
  💾 [angl_tgo_v08] Saved
  ✅ Done: angl_tgo_v08 → SUCCESS
  [angl_tgo_v10] Round 3: testing C for 23 unsolved...
  [angl_tgo_v09] Round 4: testing D for 7 unsolved...
  [angl_tgo_v09] Round 5: testing E for 1 unsolved...
  [angl_tgo_v09] 📊 Solved: 40/40
  💾 [angl_tgo_v09] Saved
  ✅ Done: angl_tgo_v09 → SUCCESS
  [angl_tgo_v10] Round 4: testing D for 6 unsolved...
  [angl_tgo_v10] Round 5: testing E for 1 unsolved...
  [angl_tgo_v10] 📊 Solved: 40/40
  💾 [angl_tgo_v10] Saved
  ✅ Done: angl_tgo_v10 → SUCCESS

============================================================
  COMPLETE: 16/16 variants solved
============================================================

📦 Rebuilding all_quiz_data.json...
✅ All done!
