Fetching variants list...
Categories: ['angl_tgo', 'algo_db', 'demo']

Total variants to download: 20

  ⏭️  Already downloaded: demo, skipping

  ⏭️  Already downloaded: angl_tgo_v01, skipping

  ⏭️  Already downloaded: angl_tgo_v02, skipping

  ⏭️  Already downloaded: angl_tgo_v03, skipping

  ⏭️  Already downloaded: angl_tgo_v04, skipping

  ⏭️  Already downloaded: angl_tgo_v05, skipping

  ⏭️  Already downloaded: angl_tgo_v06, skipping

============================================================
  Английский + ТГО — Вариант 7 (angl_tgo_v07) — 40 questions
============================================================
  ✅ Started. Attempt: 77e53397-cb1...  Questions: 40
    📎 Downloading audio: 315895a1-4dc4-4ae0-8782-125e1d898d19.mp3
    📎 Downloading audio: 4454cb207ef04de88d96c2aeea6e66ca.mp3
  📝 Q 1/40: Why are Anna and Penelope taking a tour today? [AU...
  📝 Q 2/40: Why was the DC Duck Boat created? [AUDIO: https://...
  📝 Q 3/40: Which of these sentences use prepositions? [AUDIO:...
  📝 Q 4/40: What does the boy say is unusual about the White H...
  📝 Q 5/40: What kind of tour does Anna choose? [AUDIO: https:...
  📝 Q 6/40: What is special about the DC Ducks? [AUDIO: https:...
  📝 Q 7/40: What does Penelope read from the brochure? [AUDIO:...
  📝 Q 8/40: Why do Anna and Penelope like the boy? [AUDIO: htt...
  📝 Q 9/40: Where is the Washington Monument when Anna sees it...
  📝 Q 10/40: Why does Penelope think they should give the boy a...
  📝 Q 11/40: Choose the correct pronoun: Lani complained that ....
  📝 Q 12/40: Choose the correct pronoun: Jeremy left the party ...
  📝 Q 13/40: Choose the correct pronoun: Crina and Rosalie have...
  📝 Q 14/40: Choose the correct sentence....
  📝 Q 15/40: Choose the correct sentence....
  📝 Q 16/40: Choose the correct revision: Meera and me enjoy do...
  📝 Q 17/40: Choose the correct revision: She and him have deci...
  📝 Q 18/40: Choose the correct phrase: Between you and ......
  📝 Q 19/40: Choose the correct revision: Us and our friends ha...
  📝 Q 20/40: Choose the correct sentence....
  📝 Q 21/40: Read the text and choose the correct answer. A Job...
  📝 Q 22/40: Where did Dagmara meet Steven Spielberg?...
  📝 Q 23/40: What did Dagmara drink to feel more confident?...
  📝 Q 24/40: Why did Dagmara have to translate Spielberg’s spee...
  📝 Q 25/40: What event was Dagmara invited to in Krakow?...
  📝 Q 26/40: How did Dagmara describe the actors in the film?...
  📝 Q 27/40: Which actors did Dagmara especially praise?...
  📝 Q 28/40: What did the film company have in Krakow before sh...
  📝 Q 29/40: What was Dagmara doing for the film company before...
  📝 Q 30/40: What mistake did Dagmara make during Spielberg’s s...
  📝 Q 31/40: Какую методологическую установку следует применить...
  📝 Q 32/40: Бернард Шоу писал: «Если у вас есть яблоко и у мен...
  📝 Q 33/40: А.С. Пушкин писал: «Чем более мы холодны, расчетли...
  📝 Q 34/40: Выберите тип научной деятельности, обозначаемый те...
  📝 Q 35/40: Прежде чем вводить изменения в жизнь народа, необх...
  📝 Q 36/40: Бір тіктөртбұрыш ұзындығы бойынша 4 бірдей бөлікке...
  📝 Q 37/40: Бір түзудің бойында жатпайтын 6 нүкте берілген. Ос...
  📝 Q 38/40: a мен b бүтін оң сандар. a-ның 5 пайызы b-ның 2 па...
    📎 Downloading image: 1e8be76e-2996-44ce-a30f-d9cb4bfeecbc.png
    📎 Downloading image: eb3f2d12dd374603aa7cbef6e0c58fd6.png
  📝 Q 39/40: По диаграмме первая бригада строителей работала ме...
  📝 Q 40/40: Розы — 11%
Ромашки — 13%
Лилии — 15%
Ирисы — 17%
Х...
  📤 Submitting for correct answers...
  ✅ Results received! Score: ?%
  💾 Saved: /Users/javascript/Desktop/kt/quiz_data/angl_tgo_v07.json

============================================================
  Английский + ТГО — Вариант 8 (angl_tgo_v08) — 40 questions
============================================================
  ✅ Started. Attempt: adde359d-a38...  Questions: 40
    📎 Downloading audio: 36dad1ce-254b-490a-94cf-e785029ce92a.mp3
    📎 Downloading audio: 1a44a9b238eb4944aea57a3dc9442b22.mp3
  📝 Q 1/40: What is the main idea of the audio? [AUDIO: https:...
  📝 Q 2/40: According to the audio, what may help someone succ...
  📝 Q 3/40: What does the expression “dress for success” mean ...
  📝 Q 4/40: What is an “overnight success”? [AUDIO: https://s3...
  📝 Q 5/40: What does the audio say people often do not see? [...
  📝 Q 6/40: What does “if you fail to plan, you plan to fail” ...
  📝 Q 7/40: What does the expression “roads are paved with gol...
  📝 Q 8/40: Why can failures be part of the road to success? [...
  📝 Q 9/40: Which expression means that someone is doing very ...
  📝 Q 10/40: What does it mean to become “a victim of your own ...
  📝 Q 11/40: Choose the correct phrase: Napping on the beach ne...
  📝 Q 12/40: Choose the correct phrase: I am going to the comed...
  📝 Q 13/40: Choose the correct sentence....
  📝 Q 14/40: Choose the correct possessive adjective: When Jack...
  📝 Q 15/40: Choose the correct possessive adjective: Jackie’s ...
  📝 Q 16/40: Choose the correct possessive adjective: While the...
  📝 Q 17/40: Choose the correct possessive adjective: Some play...
  📝 Q 18/40: Choose the correct possessive pronouns: This is my...
  📝 Q 19/40: Choose the correct possessive pronouns: His pen is...
  📝 Q 20/40: Choose the correct words: I think you have ... pen...
  📝 Q 21/40: Read the text and choose the correct answer. Valen...
  📝 Q 22/40: What is Valentine’s Day officially connected with?...
  📝 Q 23/40: What gifts are often given on Valentine’s Day?...
  📝 Q 24/40: Where are different versions of Valentine’s Day ce...
  📝 Q 25/40: Which colour is strongly associated with Valentine...
  📝 Q 26/40: Who usually celebrates Valentine’s Day with romant...
  📝 Q 27/40: Who was Saint Valentine according to the text?...
  📝 Q 28/40: Many people spend Valentine’s Day with their _____...
  📝 Q 29/40: Is Valentine’s Day a federal holiday in the United...
  📝 Q 30/40: What do many people do to show affection on Valent...
  📝 Q 31/40: Выберите верное определение категории «пафос»....
  📝 Q 32/40: Цицерон формулировал этапы работы над риторически ...
  📝 Q 33/40: Выберите верное определение этапа «диспозиция»....
  📝 Q 34/40: Джон С. Милль писал, что политическая экономия кас...
  📝 Q 35/40: Джон С. Милль писал, что политическая экономия кас...
  📝 Q 36/40: x + y = 1 теңдеуінің шешімі болатын сандар жұбын к...
  📝 Q 37/40: Жаттығу ойыны кезінде шеңберді бірінші спортсмен 6...
  📝 Q 38/40: y = log₂x функциясы туралы дұрыс тұжырымды таңдаңы...
  📝 Q 39/40: Температура воздуха в мае 20°. В июне на 5° больше...
  📝 Q 40/40: Запишите наибольшее целое значение a, если 14,3 < ...
  📤 Submitting for correct answers...
  ✅ Results received! Score: ?%
  💾 Saved: /Users/javascript/Desktop/kt/quiz_data/angl_tgo_v08.json

============================================================
  Английский + ТГО — Вариант 9 (angl_tgo_v09) — 40 questions
============================================================
  ✅ Started. Attempt: b1cfa561-a74...  Questions: 40
    📎 Downloading audio: f158bc03-e83d-41a6-a700-16a05e59d09b.mp3
    📎 Downloading audio: b5b9d0c0752c46e7a8b957d354d2a9ec.mp3
  📝 Q 1/40: What is the main topic of the audio? [AUDIO: https...
  📝 Q 2/40: What does “keeping in shape” mean? [AUDIO: https:/...
  📝 Q 3/40: How did the speaker stay in good shape before work...
  📝 Q 4/40: What changed for the speaker in 2020? [AUDIO: http...
  📝 Q 5/40: What did the speaker do to avoid getting out of sh...
  📝 Q 6/40: What does “shape up” mean in the audio? [AUDIO: ht...
  📝 Q 7/40: What does “shape up or ship out” mean? [AUDIO: htt...
  📝 Q 8/40: What does “shipshape” describe? [AUDIO: https://s3...
  📝 Q 9/40: In the dialogue, why was the project in trouble la...
  📝 Q 10/40: Why did the employee improve after being warned? [...
  📝 Q 11/40: Complete the sentence with the correct Simple Past...
  📝 Q 12/40: Complete the sentence with the correct Simple Past...
  📝 Q 13/40: Complete the sentence with the correct negative Si...
  📝 Q 14/40: Choose the correct yes/no question: They were stud...
  📝 Q 15/40: Choose the correct Simple Past form of “arrive”....
  📝 Q 16/40: Choose the correct Simple Past form of “hurry”....
  📝 Q 17/40: Choose the correct Simple Past form of “tap”....
  📝 Q 18/40: Choose the correct Simple Past form of “commit”....
  📝 Q 19/40: Choose the correct pronunciation of -ed in “decide...
  📝 Q 20/40: Choose the correct pronunciation of -ed in “worked...
  📝 Q 21/40: Read the text and choose the correct answer. Food....
  📝 Q 22/40: What word is used for fresh fruits and vegetables?...
  📝 Q 23/40: Which food completes the list of staples: pasta, _...
  📝 Q 24/40: What are staple foods according to the text?...
  📝 Q 25/40: Which fruit is mentioned together with bananas, or...
  📝 Q 26/40: Why do grocery stores often have more vegetables t...
  📝 Q 27/40: Which vegetable is included in the list with lettu...
  📝 Q 28/40: In some grocery stores, what do employees do with ...
  📝 Q 29/40: Which of these less common fruits may be sold in l...
  📝 Q 30/40: How can some stores charge customers for fruit?...
  📝 Q 31/40: Мартин Хайдеггер пишет о Рейне: Рейн как поставщик...
  📝 Q 32/40: Марк Фабий Квинтилиан писал: «Есть такие краткие и...
  📝 Q 33/40: «Мы отвергаем всякую попытку навязать нам какую бы...
  📝 Q 34/40: Гастон Башляр писал, что между обыденным познанием...
  📝 Q 35/40: Что не рассматривает Г. Башляр в приведенной цитат...
  📝 Q 36/40: Кестенің диаграммалық кескіні берілген: сүтқоректі...
    📎 Downloading image: 91fe01c7-6b00-409c-aca9-307803792b43.png
    📎 Downloading image: 5ad2267888a748d096f52b77e4741086.png
  📝 Q 37/40: Суретте неше тікт4ртбурыш бар екенін аныктау керек...
    📎 Downloading image: 19266925-9ba0-4cf1-b5a7-a9c097288ac6.png
    📎 Downloading image: 58470379d0024edda9e970380597046a.png
  📝 Q 38/40: Суретте неше тіктөртбұрыш бар екенін анықтау керек...
  📝 Q 39/40: Трактор A убирает 1/5 тонны снега ежедневно. Тракт...
  📝 Q 40/40: Вставьте пропущенное слово: «В среднем, обычный жи...
  📤 Submitting for correct answers...
  ✅ Results received! Score: ?%
  💾 Saved: /Users/javascript/Desktop/kt/quiz_data/angl_tgo_v09.json

============================================================
  Английский + ТГО — Вариант 10 (angl_tgo_v10) — 40 questions
============================================================
  ✅ Started. Attempt: 6f61eede-674...  Questions: 40
    📎 Downloading audio: 10dc0a45-95d1-41e2-bc6e-0a7e3c0be1d0.mp3
    📎 Downloading audio: ebb586ce7f594867b552a2c3a345160b.mp3
  📝 Q 1/40: What is the main topic of the audio? [AUDIO: https...
  📝 Q 2/40: What does “to read the room” mean? [AUDIO: https:/...
  📝 Q 3/40: What are moods? [AUDIO: https://s3.academy-ai.kz/m...
  📝 Q 4/40: According to the audio, who can have a mood? [AUDI...
  📝 Q 5/40: What should you do if you enter a serious work mee...
  📝 Q 6/40: When might the speaker wait before bringing up a s...
  📝 Q 7/40: Why might someone tell another person to “read the...
  📝 Q 8/40: How can the phrase “read the room” sound? [AUDIO: ...
  📝 Q 9/40: What happens when Betsy brings up a serious topic ...
  📝 Q 10/40: What kind of people are good at reading the room? ...
  📝 Q 11/40: Choose the correct pronunciation of -ed in “shared...
  📝 Q 12/40: Choose the correct Simple Past form of “begin”....
  📝 Q 13/40: Choose the correct Simple Past form of “go”....
  📝 Q 14/40: Complete the sentence with the correct Simple Past...
  📝 Q 15/40: Complete the sentence with the correct Simple Past...
  📝 Q 16/40: Choose the correct yes/no question: The class bega...
  📝 Q 17/40: Choose the correct information question....
  📝 Q 18/40: Change the sentence to the Past Progressive: Ms. J...
  📝 Q 19/40: Choose the correct negative Past Progressive sente...
  📝 Q 20/40: Choose the correct Past Progressive yes/no questio...
  📝 Q 21/40: Read the text and choose the correct answer. Earth...
  📝 Q 22/40: What kind of global event has the strongest visual...
  📝 Q 23/40: In 2013, millions of people switched off their lig...
  📝 Q 24/40: Where did Earth Hour first begin in 2007?...
  📝 Q 25/40: In which country did McFly perform without electri...
  📝 Q 26/40: Gordon Ramsay and Raymond Blanc are described as w...
  📝 Q 27/40: In what year was Earth Hour introduced in Australi...
  📝 Q 28/40: Earth Hour asks people to switch off electricity f...
  📝 Q 29/40: Which organization runs Earth Hour?...
  📝 Q 30/40: Why did Andy Ridley want to start Earth Hour?...
  📝 Q 31/40: Выберите верное определение этапа «выражение, элок...
  📝 Q 32/40: Выберите верное определение этапа «акцио»....
  📝 Q 33/40: Лао-цзы писал: «В одном колесе тридцать спиц, но п...
  📝 Q 34/40: О чем еще говорит Хайдеггер, помимо контраста смыс...
  📝 Q 35/40: Один философ сказал: «Человек проклят быть свободн...
    📎 Downloading image: 80f2e0f3-6958-48a8-be08-067a2bbf2a50.png
    📎 Downloading image: ea8d79d8811b4f1eb06cfd3839d08ead.png
  📝 Q 36/40: АВСЕ шаршысының қабырғасы 4 см, ал оның ауданы CED...
  📝 Q 37/40: -2 ≤ (1 - 4x) / 3 ≤ 6 болса, x-тің бола алатын ең ...
  📝 Q 38/40: √2, 4 2/3, √9, 25⁰ сандарының ішіндегі ең кішісін ...
  📝 Q 39/40: Вставьте пропущенное слово: «Используя сверхпровод...
  📝 Q 40/40: Вставьте пропущенное слово: «Чем меньше знаешь, те...
  📤 Submitting for correct answers...
  ✅ Results received! Score: ?%
  💾 Saved: /Users/javascript/Desktop/kt/quiz_data/angl_tgo_v10.json

============================================================
  Алгоритмы + БД — Вариант 1 (algo_db_v01) — 30 questions
============================================================
  ✅ Started. Attempt: 25dda78d-a9d...  Questions: 30
  📝 Q 1/30: Какой из этих видов сортировок является неустойчив...
  📝 Q 2/30: Способ сортировки, при котором сначала выделяется ...
  📝 Q 3/30: Алгоритм поиска, при котором сравнивается каждый э...
  📝 Q 4/30: Метод сортировки со сложностью алгоритма O(n^2)....
  📝 Q 5/30: Результат следующего кода....
  📝 Q 6/30: Что НЕ является правдой из нижеследующего?...
    📎 Downloading image: 57837e9c-9b66-47f5-b718-234b14c91d63.png
    📎 Downloading image: 41b94bcb66f24ee09798c7e93ee621cf.png
  📝 Q 7/30: Что выведет следующий код? [IMAGE: https://s3.acad...
  📝 Q 8/30: Правильный пример действительного числа....
  📝 Q 9/30: Объект входного потока данных на языке программиро...
  📝 Q 10/30: Индекс первого элемента одномерного массива из дес...
  📝 Q 11/30: Объявление одномерного массива и инициализация эле...
  📝 Q 12/30: Линейный список, в котором все операции вставки и ...
  📝 Q 13/30: Линейный список, в котором все операции вставки и ...
  📝 Q 14/30: Что выведет функция rec(3), если существует следую...
  📝 Q 15/30: Что вернёт следующая функция, если вызвать func(1....
  📝 Q 16/30: На языке программирования C++ функция, генерирующа...
  📝 Q 17/30: Шаг, когда функция вызывает новую копию самой себя...
  📝 Q 18/30: Тип диаграммы, описывающий взаимодействие между по...
  📝 Q 19/30: Какой ответ наиболее точно подходит к вопросу: Как...
  📝 Q 20/30: Как в базах данных обычно понимают понятие «реплик...
  📝 Q 21/30: Как работает Parallel Query Execution?...
  📝 Q 22/30: Как найти вторую по величине зарплату с учетом оди...
  📝 Q 23/30: Что такое Snowflake Time Travel?...
  📝 Q 24/30: Как мониторить блокировки в PostgreSQL?...
  📝 Q 25/30: Как распределить данные в Citus?...
  📝 Q 26/30: Как работает Parallel Query Execution?...
  📝 Q 27/30: Как найти вторую по величине зарплату с учетом оди...
  📝 Q 28/30: Что такое Snowflake Time Travel?...
  📝 Q 29/30: Как мониторить блокировки в PostgreSQL?...
  📝 Q 30/30: Как распределить данные в Citus?...
  📤 Submitting for correct answers...
  ✅ Results received! Score: ?%
  💾 Saved: /Users/javascript/Desktop/kt/quiz_data/algo_db_v01.json

============================================================
  Алгоритмы + БД — Вариант 2 (algo_db_v02) — 30 questions
============================================================
  ✅ Started. Attempt: 5ba2fe2a-a46...  Questions: 30
  📝 Q 1/30: Способ сортировки, при котором используются локаль...
  📝 Q 2/30: Вид записанного алгоритма поиска....
  📝 Q 3/30: Какой алгоритм описывает приведенный фрагмент кода...
  📝 Q 4/30: Разбиением массива называется....
  📝 Q 5/30: Переменная типа float содержит....
  📝 Q 6/30: Правильная запись стандартного потока вывода данны...
  📝 Q 7/30: Управляющая последовательность \t на языке програм...
  📝 Q 8/30: Для работы со строками предпочтительно использоват...
  📝 Q 9/30: Нулевой символ в C/C++ записывается как...
  📝 Q 10/30: Программа, которая выводит на экран массив a[3] = ...
  📝 Q 11/30: Набор данных одного типа или последовательность пе...
  📝 Q 12/30: Какая запись соответствует всем элементам второй с...
  📝 Q 13/30: Вставка элемента в неупорядоченный массив....
  📝 Q 14/30: Встраиваемые функции на языке программирования C++...
  📝 Q 15/30: Общий формат описания функции....
  📝 Q 16/30: В случае, когда функции доступна сама переменная, ...
  📝 Q 17/30: Особенность C++, позволяющая определить несколько ...
  📝 Q 18/30: Как в базах данных обычно понимают понятие «реплик...
  📝 Q 19/30: Каким способом можно найти кратчайший путь в Neo4j...
  📝 Q 20/30: Какие из перечисленных вариантов являются типами р...
  📝 Q 21/30: Как создать hypertable в TimescaleDB?...
  📝 Q 22/30: Как использовать JSONB в PostgreSQL для сложных за...
  📝 Q 23/30: Как реализовать Full-Text Search в PostgreSQL?...
  📝 Q 24/30: Как реализовать маскирование данных?...
  📝 Q 25/30: Как обрабатывать 1M+ строк без перегрузки памяти?...
  📝 Q 26/30: Как создать hypertable в TimescaleDB?...
  📝 Q 27/30: Как использовать JSONB в PostgreSQL для сложных за...
  📝 Q 28/30: Как реализовать Full-Text Search в PostgreSQL?...
  📝 Q 29/30: Как реализовать маскирование данных?...
  📝 Q 30/30: Как обрабатывать 1M+ строк без перегрузки памяти?...
  📤 Submitting for correct answers...
  ✅ Results received! Score: ?%
  💾 Saved: /Users/javascript/Desktop/kt/quiz_data/algo_db_v02.json

============================================================
  Алгоритмы + БД — Вариант 3 (algo_db_v03) — 30 questions
============================================================
  ✅ Started. Attempt: 8f9097c2-b1c...  Questions: 30
  📝 Q 1/30: Способ сортировки, при котором сначала выделяется ...
  📝 Q 2/30: Алгоритм поиска, который исключает половину элемен...
  📝 Q 3/30: Способ сортировки, при котором сначала выделяется ...
  📝 Q 4/30: Обязательные свойства каждой переменной....
    📎 Downloading image: a8fb37ef-5557-40ef-aa1f-b0ec0c522d65.png
    📎 Downloading image: a6a53a7c395e48f59460050c563848fe.png
  📝 Q 5/30: Результат выполнения программы. [IMAGE: https://s3...
  📝 Q 6/30: Тип в языке C, который имеет диапазон значений от ...
  📝 Q 7/30: То, что состоит из констант, переменных, функций и...
  📝 Q 8/30: Как записывается нулевой символ в C/C++?...
  📝 Q 9/30: Имя великого математика, с которым связано слово «...
  📝 Q 10/30: Структура данных типа LIFO известна как....
  📝 Q 11/30: Выберите правильную запись обращения к элементу дв...
  📝 Q 12/30: Линейный список, в котором все операции вставки и ...
  📝 Q 13/30: Линейный список, в котором все операции вставки и ...
  📝 Q 14/30: Определение функции включает....
  📝 Q 15/30: Ошибка, допущенная в программе....
  📝 Q 16/30: Тип возвращаемого значения функции, если функция н...
  📝 Q 17/30: Значения переменных A и B после выполнения двух фа...
  📝 Q 18/30: Какие уровни абстракции используются при работе с ...
  📝 Q 19/30: Архитектура ANSI/SPARC включает следующие уровни....
  📝 Q 20/30: Архитектура ANSI/SPARC содержит уровни....
  📝 Q 21/30: Как найти медиану в SQL?...
  📝 Q 22/30: Как можно обновлять materialized view?...
  📝 Q 23/30: Что такое materialized view?...
  📝 Q 24/30: Что такое соединение без потерь при декомпозиции т...
  📝 Q 25/30: Как проверить, использует ли запрос индекс?...
  📝 Q 26/30: Как найти медиану в SQL?...
  📝 Q 27/30: Как можно обновлять materialized view?...
  📝 Q 28/30: Что такое materialized view?...
  📝 Q 29/30: Что такое соединение без потерь при декомпозиции т...
  📝 Q 30/30: Как проверить, использует ли запрос индекс?...
  📤 Submitting for correct answers...
  ✅ Results received! Score: ?%
  💾 Saved: /Users/javascript/Desktop/kt/quiz_data/algo_db_v03.json

============================================================
  Алгоритмы + БД — Вариант 4 (algo_db_v04) — 30 questions
============================================================
  ✅ Started. Attempt: 89779e07-ca9...  Questions: 30
  📝 Q 1/30: Лексикографическое сопоставление одной строки с др...
  📝 Q 2/30: Пример обобщенного алгоритма....
  📝 Q 3/30: Программа — это....
  📝 Q 4/30: Метод класса string, возвращающий количество симво...
  📝 Q 5/30: Правильный формат функции, задающей формат вывода ...
  📝 Q 6/30: Операция декремента...
  📝 Q 7/30: Укажите вещественный тип?...
  📝 Q 8/30: Внутренняя форма представления значения false?...
  📝 Q 9/30: auto — это ... переменная?...
  📝 Q 10/30: Нулевой символ...
  📝 Q 11/30: Стек работает по принципу...
  📝 Q 12/30: Линейный набор объектов класса с самоадресацией — ...
  📝 Q 13/30: Если каждому элементу массива соответствует только...
  📝 Q 14/30: Рекурсивная процедура или функция должна....
  📝 Q 15/30: То, что косвенно подключается из заголовочного фай...
  📝 Q 16/30: Результат вычисления оператора p = pow(2, 7) будет...
  📝 Q 17/30: В языке C++ при формировании программы вы будете и...
  📝 Q 18/30: Архитектура ANSI/SPARC не включает следующие уровн...
  📝 Q 19/30: Какие уровни изоляции транзакций обычно выделяют в...
  📝 Q 20/30: Что такое уровни изоляции транзакций?...
  📝 Q 21/30: Как выбрать вторую по величине зарплату?...
  📝 Q 22/30: Как найти все дубликаты в таблице без первичного к...
  📝 Q 23/30: Как найти дубликаты в столбце?...
  📝 Q 24/30: Как работает CASE в SQL?...
  📝 Q 25/30: Как добавить несколько дней к дате?...
  📝 Q 26/30: Как выбрать вторую по величине зарплату?...
  📝 Q 27/30: Как найти все дубликаты в таблице без первичного к...
  📝 Q 28/30: Как найти дубликаты в столбце?...
  📝 Q 29/30: Как работает CASE в SQL?...
  📝 Q 30/30: Как добавить несколько дней к дате?...
  📤 Submitting for correct answers...
  ✅ Results received! Score: ?%
  💾 Saved: /Users/javascript/Desktop/kt/quiz_data/algo_db_v04.json

============================================================
  Алгоритмы + БД — Вариант 5 (algo_db_v05) — 30 questions
============================================================
  ✅ Started. Attempt: 68d20ba7-699...  Questions: 30
  📝 Q 1/30: Объект входного потока данных на языке программиро...
  📝 Q 2/30: Заголовочный файл, содержащий запросы к информации...
  📝 Q 3/30: Способ сортировки, при котором используется двоичн...
  📝 Q 4/30: Одна из часто применяемых операций над данными — э...
  📝 Q 5/30: Оператор безусловного перехода?...
  📝 Q 6/30: Укажите целочисленный тип?...
  📝 Q 7/30: Сколько байт занимает тип char?...
  📝 Q 8/30: Какой тип по умолчанию имеют константы с плавающей...
  📝 Q 9/30: Константами называют ......
  📝 Q 10/30: Последовательность элементов одного типа, объедине...
  📝 Q 11/30: Элементы массива в программе рассматриваются как:...
  📝 Q 12/30: При обозначении элемента массива что может быть ко...
  📝 Q 13/30: Составляющие элементы массива называются:...
  📝 Q 14/30: На языке программирования C++ функция, генерирующа...
  📝 Q 15/30: Шаг, когда функция вызывает новую копию самой себя...
  📝 Q 16/30: Встраиваемая функция на языке программирования C++...
  📝 Q 17/30: Именованная последовательность описаний и оператор...
  📝 Q 18/30: Какие варианты являются уровнями изоляции транзакц...
  📝 Q 19/30: Как обычно реализуют шардинг на уровне приложения?...
  📝 Q 20/30: Что такое Logical Replication в PostgreSQL?...
  📝 Q 21/30: Как вычислить разницу между датами?...
  📝 Q 22/30: Как объединить строки или текстовые значения в SQL...
  📝 Q 23/30: Как заменить подстроку в SQL?...
  📝 Q 24/30: Как извлечь часть строки в SQL?...
  📝 Q 25/30: Как в SQL преобразовать строку в число?...
  📝 Q 26/30: Как вычислить разницу между датами?...
  📝 Q 27/30: Как объединить строки или текстовые значения в SQL...
  📝 Q 28/30: Как заменить подстроку в SQL?...
  📝 Q 29/30: Как извлечь часть строки в SQL?...
  📝 Q 30/30: Как в SQL преобразовать строку в число?...
  📤 Submitting for correct answers...
  ✅ Results received! Score: ?%
  💾 Saved: /Users/javascript/Desktop/kt/quiz_data/algo_db_v05.json

============================================================
  Алгоритмы + БД — Вариант 6 (algo_db_v06) — 30 questions
============================================================
  ✅ Started. Attempt: 85d94a72-bc3...  Questions: 30
  📝 Q 1/30: Сколько возможных результатов дает операция поиска...
  📝 Q 2/30: Если поиск успешный, то находится......
  📝 Q 3/30: Повторное выполнение шага или группы шагов алгорит...
  📝 Q 4/30: Что часто используется для оценки сложности алгори...
  📝 Q 5/30: В символьном типе со знаком можно хранить значения...
  📝 Q 6/30: Какому типу соответствует wchar_t?...
  📝 Q 7/30: Если количество повторений заранее неизвестно, как...
  📝 Q 8/30: Какой оператор цикла вычисляет сумму целых чисел о...
  📝 Q 9/30: Цикл — это ...?...
  📝 Q 10/30: Количество индексов элемента массива определяет:...
  📝 Q 11/30: Тип элемента массива может быть любым, кроме:...
  📝 Q 12/30: Частным видом однонаправленного списка является:...
  📝 Q 13/30: В каких алгоритмах и процессах широко используется...
  📝 Q 14/30: Что задает имя функции, тип возвращаемого значения...
  📝 Q 15/30: Какая видимость функции означает, что она доступна...
  📝 Q 16/30: Какая видимость функции означает, что она доступна...
  📝 Q 17/30: Если функция не возвращает никакого значения вызва...
  📝 Q 18/30: Как в SQL получить текущую дату?...
  📝 Q 19/30: Чем материализованное представление отличается от ...
  📝 Q 20/30: Что такое кластеризованный индекс?...
  📝 Q 21/30: Для чего используется NTILE()?...
  📝 Q 22/30: Что делает FIRST_VALUE()?...
  📝 Q 23/30: Для чего используется PARTITION BY в оконных функц...
  📝 Q 24/30: Что делают LEAD() и LAG()?...
  📝 Q 25/30: В чем разница между RANK() и DENSE_RANK()?...
  📝 Q 26/30: Для чего используется NTILE()?...
  📝 Q 27/30: Что делает FIRST_VALUE()?...
  📝 Q 28/30: Для чего используется PARTITION BY в оконных функц...
  📝 Q 29/30: Что делают LEAD() и LAG()?...
  📝 Q 30/30: В чем разница между RANK() и DENSE_RANK()?...
  📤 Submitting for correct answers...
  ✅ Results received! Score: ?%
  💾 Saved: /Users/javascript/Desktop/kt/quiz_data/algo_db_v06.json

============================================================
  Алгоритмы + БД — Вариант 7 (algo_db_v07) — 30 questions
============================================================
  ✅ Started. Attempt: 962a357c-6fa...  Questions: 30
  📝 Q 1/30: Основное понятие, используемое для упорядочивания ...
  📝 Q 2/30: Самая простая сортировка — это:...
  📝 Q 3/30: Если первый элемент больше второго, то......
  📝 Q 4/30: При сортировке выбором по возрастанию на каждой ит...
  📝 Q 5/30: Какой тип данных в C/C++ используется для хранения...
  📝 Q 6/30: Мантисса — это ...?...
  📝 Q 7/30: Диапазон значений типа bool?...
  📝 Q 8/30: Вещественные константы в экспоненциальной форме за...
  📝 Q 9/30: Последовательности символов, начинающиеся с обратн...
  📝 Q 10/30: Частный вид однонаправленного списка, в котором до...
  📝 Q 11/30: При выборке из очереди элемент:...
  📝 Q 12/30: Какой список получится, если для каждого элемента ...
  📝 Q 13/30: Что образуется, если последний элемент списка связ...
  📝 Q 14/30: Чем отделяются друг от друга элементы списка парам...
  📝 Q 15/30: Все величины, описанные внутри функции, и ее парам...
  📝 Q 16/30: При использовании массива как параметра функции в ...
  📝 Q 17/30: Внутри функции массив воспринимается как......
  📝 Q 18/30: В чем главное отличие кластеризованного индекса от...
  📝 Q 19/30: Что в базах данных называют табличным пространство...
  📝 Q 20/30: Как можно найти самые медленные запросы в базе дан...
  📝 Q 21/30: Что делает ROW_NUMBER()?...
  📝 Q 22/30: Какие функции относятся к оконным?...
  📝 Q 23/30: Что такое оконные функции в SQL?...
  📝 Q 24/30: Чем UNION отличается от UNION ALL?...
  📝 Q 25/30: Что делает UNION?...
  📝 Q 26/30: Что делает ROW_NUMBER()?...
  📝 Q 27/30: Какие функции относятся к оконным?...
  📝 Q 28/30: Что такое оконные функции в SQL?...
  📝 Q 29/30: Чем UNION отличается от UNION ALL?...
  📝 Q 30/30: Что делает UNION?...
  📤 Submitting for correct answers...
  ✅ Results received! Score: ?%
  💾 Saved: /Users/javascript/Desktop/kt/quiz_data/algo_db_v07.json

============================================================
  Алгоритмы + БД — Вариант 8 (algo_db_v08) — 30 questions
============================================================
  ✅ Started. Attempt: 57a881ba-a9e...  Questions: 30
  📝 Q 1/30: В сортировке слиянием массив сначала делится......
  📝 Q 2/30: Сортировка слиянием полезна для структур данных, г...
  📝 Q 3/30: Как называется структура данных, в которой каждый ...
  📝 Q 4/30: Что требуется для выполнения сортировки заданных д...
  📝 Q 5/30: В программе строковые литералы, разделённые только...
  📝 Q 6/30: Общий вид оператора описания переменных?...
  📝 Q 7/30: 1. Что НЕ является правдой из нижеследующего:...
  📝 Q 8/30: 1. Что НЕ является правдой из нижеследующего:...
  📝 Q 9/30: 1. Что НЕ является правдой из нижеследующего:...
  📝 Q 10/30: Первичное формирование списка начинается с:...
  📝 Q 11/30: Сколько указателей минимум нужно для формирования ...
  📝 Q 12/30: Что есть в каждом элементе списка для определения ...
  📝 Q 13/30: При обозначении элемента массива индекс может быть...
  📝 Q 14/30: Как называется функция, которая вызывает саму себя...
  📝 Q 15/30: Как называется рекурсия, возникающая, когда две ил...
  📝 Q 16/30: Преимущество рекурсии заключается в ее......
  📝 Q 17/30: Что нужно указать для вызова функции перед аргумен...
  📝 Q 18/30: Что такое materialized view?...
  📝 Q 19/30: Как обычно мониторят блокировки в базах данных?...
  📝 Q 20/30: Что такое AWR в Oracle?...
  📝 Q 21/30: Что такое SELF JOIN?...
  📝 Q 22/30: Как работает CROSS JOIN?...
  📝 Q 23/30: Как работает LEFT JOIN?...
  📝 Q 24/30: Чем INNER JOIN отличается от OUTER JOIN?...
  📝 Q 25/30: Какие основные типы JOIN используются в SQL?...
  📝 Q 26/30: Что такое SELF JOIN?...
  📝 Q 27/30: Как работает CROSS JOIN?...
  📝 Q 28/30: Как работает LEFT JOIN?...
  📝 Q 29/30: Чем INNER JOIN отличается от OUTER JOIN?...
  📝 Q 30/30: Какие основные типы JOIN используются в SQL?...
  📤 Submitting for correct answers...
  ✅ Results received! Score: ?%
  💾 Saved: /Users/javascript/Desktop/kt/quiz_data/algo_db_v08.json

============================================================
  Алгоритмы + БД — Вариант 9 (algo_db_v09) — 30 questions
============================================================
  ✅ Started. Attempt: beb2174a-c23...  Questions: 30
  📝 Q 1/30: Как называется сортировка массива путем многократн...
  📝 Q 2/30: На чем основан метод сортировки слиянием?...
  📝 Q 3/30: При сортировке слиянием массив делится примерно на...
  📝 Q 4/30: Какая сортировка, как и сортировка слиянием, испол...
  📝 Q 5/30: 1. Что НЕ является правдой из нижеследующего:...
  📝 Q 6/30: 1. Что НЕ является правдой из нижеследующего:...
  📝 Q 7/30: 1. Что НЕ является правдой из нижеследующего:...
  📝 Q 8/30: Программа на языке программирования C++ начинается...
  📝 Q 9/30: Переменная типа float содержит...
  📝 Q 10/30: Один из способов задания элементов массива, которы...
  📝 Q 11/30: Стек можно представить как узкую длинную трубу, од...
  📝 Q 12/30: Указатель на начало очереди обычно обозначается ка...
  📝 Q 13/30: Множество, не содержащее ни одного непосредственно...
  📝 Q 14/30: Функция может принимать......
  📝 Q 15/30: Что сохраняется в стеке при вызове функции вместе ...
  📝 Q 16/30: Через что всегда передается массив?...
  📝 Q 17/30: Что происходит с индексом массива внутри функции в...
  📝 Q 18/30: Что означает CDC в базах данных?...
  📝 Q 19/30: Как в Oracle можно написать рекурсивный запрос?...
  📝 Q 20/30: Для чего используется Model Clause в Oracle?...
  📝 Q 21/30: Что такое JOIN в SQL?...
  📝 Q 22/30: Чем представление отличается от обычной таблицы?...
  📝 Q 23/30: Как создать представление в SQL?...
  📝 Q 24/30: Что такое представление VIEW в SQL?...
  📝 Q 25/30: Как ограничить количество строк в результате запро...
  📝 Q 26/30: Что такое JOIN в SQL?...
  📝 Q 27/30: Чем представление отличается от обычной таблицы?...
  📝 Q 28/30: Как создать представление в SQL?...
  📝 Q 29/30: Что такое представление VIEW в SQL?...
  📝 Q 30/30: Как ограничить количество строк в результате запро...
  📤 Submitting for correct answers...
  ✅ Results received! Score: ?%
  💾 Saved: /Users/javascript/Desktop/kt/quiz_data/algo_db_v09.json

============================================================
  ✅ DONE!  Success: 20  Failed: 0
  📁 Data: /Users/javascript/Desktop/kt/quiz_data/all_quiz_data.json
  📁 Media: /Users/javascript/Desktop/kt/quiz_data/media  (20 files)
============================================================
